=== Suite started at 2021-06-27 09:10:31
=== Starting test, 0 test cases
=cases         0
=user          bemkap
=host          archlinux.fibertel.com.ar
=hosts         archlinux.fibertel.com.ar 
=emulator_vsn  12.0
=emulator      beam
=otp_release   24
=started       2021-06-27 09:10:31
=case          ct_framework:error_in_suite
=logfile       ct_framework.error_in_suite.html
=started       2021-06-27 09:10:31
=ended         2021-06-27 09:10:31
=result        failed: 'ledger_SUITE cannot be compiled or loaded', unknown_location
=== *** FAILED {ct_framework,error_in_suite} ***
=== TEST COMPLETE, 0 ok, 0 failed of 0 test cases

=finished      2021-06-27 09:10:31
=failed        0
=successful    0
=user_skipped  0
=auto_skipped  0
