=== Suite started at 2021-06-26 20:42:08
=== Starting test, 2 test cases
=cases         2
=user          bemkap
=host          archlinux
=hosts         archlinux 
=emulator_vsn  12.0
=emulator      beam
=otp_release   24
=started       2021-06-26 20:42:08
=case          ct_framework:init_per_suite
=logfile       ct_framework.init_per_suite.html
=group_props   [{suite,ledger_SUITE}]
=started       2021-06-26 20:42:08
=ended         2021-06-26 20:42:08
=result        ok
=elapsed       1.0e-6
=case          ledger_SUITE:init_per_group
=logfile       ledger_suite.init_per_group.html
=group_props   [{name,session}]
=started       2021-06-26 20:42:08
=ended         2021-06-26 20:42:09
=result        ok
=elapsed       0.0
=case          ledger_SUITE:init_per_group
=logfile       ledger_suite.init_per_group.3.html
=group_props   [{name,nodes}]
=started       2021-06-26 20:42:09
=ended         2021-06-26 20:42:09
=result        ok
=elapsed       0.537523
=case          ledger_SUITE:node_run
=logfile       ledger_suite.node_run.html
=started       2021-06-26 20:42:09
=ended         2021-06-26 20:42:09
=result        ok
=elapsed       3.0e-6
=case          ledger_SUITE:end_per_group
=logfile       ledger_suite.end_per_group.html
=group_props   [{name,nodes}]
=started       2021-06-26 20:42:09
=ended         2021-06-26 20:42:09
=result        ok
=elapsed       2.2e-5
=group_time    0.595s
=case          ledger_SUITE:is_ordered
=logfile       ledger_suite.is_ordered.html
=started       2021-06-26 20:42:09
=ended         2021-06-26 20:42:09
=result        failed: {badarg,
                           [{erlang,send,
                                [node_sender,
                                 {broadcast,{get,<0.179.0>,ct@archlinux}}],
                                [{error_info,#{module => erl_erts_errors}}]},
                            {node,abroadcast,1,[{file,"node.erl"},{line,22}]},
                            {ledger,get,0,[{file,"ledger.erl"},{line,19}]},
                            {ledger_SUITE,is_ordered,1,
                                [{file,"ledger_SUITE.erl"},{line,25}]},
                            {test_server,ts_tc,3,
                                [{file,"test_server.erl"},{line,1783}]},
                            {test_server,run_test_case_eval1,6,
                                [{file,"test_server.erl"},{line,1292}]},
                            {test_server,run_test_case_eval,9,
                                [{file,"test_server.erl"},{line,1224}]}]}, [{erlang,
                                                                             send},
                                                                            {node,
                                                                             abroadcast,
                                                                             22},
                                                                            {ledger,
                                                                             get,
                                                                             19},
                                                                            {ledger_SUITE,
                                                                             is_ordered,
                                                                             25},
                                                                            {test_server,
                                                                             ts_tc,
                                                                             1783},
                                                                            {test_server,
                                                                             run_test_case_eval1,
                                                                             1292},
                                                                            {test_server,
                                                                             run_test_case_eval,
                                                                             1224}]
=== *** FAILED test case 2 of 2 ***
=case          ledger_SUITE:end_per_group
=logfile       ledger_suite.end_per_group.35.html
=group_props   [{name,session}]
=started       2021-06-26 20:42:09
=ended         2021-06-26 20:42:09
=result        ok
=elapsed       1.0e-6
=group_time    0.694s
=case          ct_framework:end_per_suite
=logfile       ct_framework.end_per_suite.html
=group_props   [{suite,ledger_SUITE}]
=started       2021-06-26 20:42:09
=ended         2021-06-26 20:42:09
=result        ok
=elapsed       1.0e-6
=group_time    0.759s
=== TEST COMPLETE, 1 ok, 1 failed of 2 test cases

=finished      2021-06-26 20:42:09
=failed        1
=successful    1
=user_skipped  0
=auto_skipped  0
