=== Suite started at 2021-06-27 08:56:22
=== Starting test, 2 test cases
=cases         2
=user          bemkap
=host          archlinux
=hosts         archlinux 
=emulator_vsn  12.0
=emulator      beam
=otp_release   24
=started       2021-06-27 08:56:22
=case          ct_framework:init_per_suite
=logfile       ct_framework.init_per_suite.html
=group_props   [{suite,ledger_SUITE}]
=started       2021-06-27 08:56:22
=ended         2021-06-27 08:56:22
=result        ok
=elapsed       1.0e-6
=case          ledger_SUITE:init_per_group
=logfile       ledger_suite.init_per_group.html
=group_props   [{name,session}]
=started       2021-06-27 08:56:22
=ended         2021-06-27 08:56:22
=result        ok
=elapsed       0.0
=case          ledger_SUITE:init_per_group
=logfile       ledger_suite.init_per_group.3.html
=group_props   [{name,nodes}]
=started       2021-06-27 08:56:22
=ended         2021-06-27 08:56:23
=result        ok
=elapsed       0.503019
=case          ledger_SUITE:node_run
=logfile       ledger_suite.node_run.html
=started       2021-06-27 08:56:23
=ended         2021-06-27 08:56:23
=result        ok
=elapsed       3.0e-6
=case          ledger_SUITE:end_per_group
=logfile       ledger_suite.end_per_group.html
=group_props   [{name,nodes}]
=started       2021-06-27 08:56:23
=ended         2021-06-27 08:56:23
=result        ok
=elapsed       9.0e-6
=group_time    0.560s
=case          ledger_SUITE:is_ordered
=logfile       ledger_suite.is_ordered.html
=started       2021-06-27 08:56:23
=ended         2021-06-27 08:56:23
=result        ok
=elapsed       1.0e-6
=case          ledger_SUITE:end_per_group
=logfile       ledger_suite.end_per_group.35.html
=group_props   [{name,session}]
=started       2021-06-27 08:56:23
=ended         2021-06-27 08:56:23
=result        ok
=elapsed       1.0e-6
=group_time    0.641s
=case          ct_framework:end_per_suite
=logfile       ct_framework.end_per_suite.html
=group_props   [{suite,ledger_SUITE}]
=started       2021-06-27 08:56:23
=ended         2021-06-27 08:56:23
=result        ok
=elapsed       1.0e-6
=group_time    0.706s
=== TEST COMPLETE, 2 ok, 0 failed of 2 test cases

=finished      2021-06-27 08:56:23
=failed        0
=successful    2
=user_skipped  0
=auto_skipped  0
